  Image.cpp
  ImageView.cpp
  Instance.cpp
  LogicalDevice.cpp
  main.cpp
  PhysicalDevice.cpp
  Queue.cpp
  Swapchain.cpp
  SwapchainCapabilities.cpp
  SwapchainPresentMode.cpp
  SwapchainSurfaceFormat.cpp
  Window.cpp
  WindowSurface.cpp
ImageView.obj : error LNK2001: unresolved external symbol _vkCreateImageView@16
ImageView.obj : error LNK2001: unresolved external symbol _vkDestroyImageView@16
Instance.obj : error LNK2001: unresolved external symbol _vkCreateInstance@12
Instance.obj : error LNK2001: unresolved external symbol _vkDestroyInstance@8
Instance.obj : error LNK2001: unresolved external symbol _glfwGetRequiredInstanceExtensions
LogicalDevice.obj : error LNK2001: unresolved external symbol _vkCreateDevice@16
LogicalDevice.obj : error LNK2001: unresolved external symbol _vkDestroyDevice@8
PhysicalDevice.obj : error LNK2001: unresolved external symbol _vkGetPhysicalDeviceSurfaceSupportKHR@20
PhysicalDevice.obj : error LNK2001: unresolved external symbol _vkGetPhysicalDeviceQueueFamilyProperties@12
PhysicalDevice.obj : error LNK2001: unresolved external symbol _vkEnumeratePhysicalDevices@12
PhysicalDevice.obj : error LNK2001: unresolved external symbol _vkEnumerateDeviceExtensionProperties@16
Queue.obj : error LNK2001: unresolved external symbol _vkGetDeviceQueue@16
Swapchain.obj : error LNK2001: unresolved external symbol _vkDestroySwapchainKHR@16
Swapchain.obj : error LNK2001: unresolved external symbol _vkGetSwapchainImagesKHR@20
Swapchain.obj : error LNK2001: unresolved external symbol _vkCreateSwapchainKHR@16
SwapchainCapabilities.obj : error LNK2001: unresolved external symbol _glfwGetFramebufferSize
SwapchainCapabilities.obj : error LNK2001: unresolved external symbol _vkGetPhysicalDeviceSurfaceCapabilitiesKHR@16
SwapchainPresentMode.obj : error LNK2001: unresolved external symbol _vkGetPhysicalDeviceSurfacePresentModesKHR@20
SwapchainSurfaceFormat.obj : error LNK2001: unresolved external symbol _vkGetPhysicalDeviceSurfaceFormatsKHR@20
Window.obj : error LNK2001: unresolved external symbol _glfwInit
Window.obj : error LNK2001: unresolved external symbol _glfwCreateWindow
Window.obj : error LNK2001: unresolved external symbol _glfwWindowHint
Window.obj : error LNK2001: unresolved external symbol _glfwDestroyWindow
WindowSurface.obj : error LNK2001: unresolved external symbol _glfwCreateWindowSurface
WindowSurface.obj : error LNK2001: unresolved external symbol _glfwGetError
WindowSurface.obj : error LNK2001: unresolved external symbol _vkDestroySurfaceKHR@16
D:\Users\lapof\Documents\Development\Pinball\Win32\Release\Pinball.exe : fatal error LNK1120: 26 unresolved externals
